<?xml version="1.0" encoding="UTF-8"?>
<!-- Generated by org.testng.reporters.JUnitReportReporter -->
<testsuite hostname="Arun-PC" name="testcases.TC001" tests="1" failures="0" timestamp="12 Aug 2016 10:42:49 GMT" time="54.630" errors="0">
  <testcase name="validateSignUp" time="54.630" classname="testcases.TC001"/>
</testsuite> <!-- testcases.TC001 -->
