<?xml version="1.0" encoding="UTF-8"?>
<!-- Generated by org.testng.reporters.JUnitReportReporter -->
<testsuite hostname="Arun-PC" name="testcases.TC002" tests="1" failures="0" timestamp="21 Aug 2016 15:27:25 GMT" time="37.992" errors="0">
  <testcase name="validateRegistration" time="37.992" classname="testcases.TC002"/>
</testsuite> <!-- testcases.TC002 -->
