<?xml version="1.0" encoding="UTF-8"?>
<!-- Generated by org.testng.reporters.JUnitReportReporter -->
<testsuite hostname="Arun-PC" name="testcases.TC001" tests="1" failures="0" timestamp="6 Aug 2016 05:50:24 GMT" time="163.578" errors="0">
  <testcase name="validateSignUp" time="163.578" classname="testcases.TC001"/>
</testsuite> <!-- testcases.TC001 -->
