<?xml version="1.0" encoding="UTF-8"?>
<!-- Generated by org.testng.reporters.JUnitReportReporter -->
<testsuite hostname="Arun-PC" name="testcases.TC001" tests="1" failures="0" timestamp="21 Aug 2016 14:39:54 GMT" time="146.183" errors="0">
  <testcase name="validateSignUp" time="146.183" classname="testcases.TC001"/>
</testsuite> <!-- testcases.TC001 -->
