<?xml version="1.0" encoding="UTF-8"?>
<!-- Generated by org.testng.reporters.JUnitReportReporter -->
<testsuite hostname="Arun-PC" name="testcases.TC003" tests="1" failures="0" timestamp="21 Aug 2016 17:19:56 GMT" time="126.750" errors="0">
  <testcase name="validateTwitterImageNavigation" time="126.750" classname="testcases.TC003"/>
</testsuite> <!-- testcases.TC003 -->
